<?xml version="1.0" encoding="UTF-8"?>
<!-- Generated by org.testng.reporters.JUnitXMLReporter -->
<testsuite ignored="0" hostname="LAPTOP-M0Q54AIR" failures="0" tests="3" name="Default test" time="3.511" errors="0" timestamp="2025-04-15T15:20:35 IST">
  <testcase classname="files.DynamicJson" name="addBook" time="2.548"/>
  <testcase classname="files.DynamicJson" name="addBook" time="0.411"/>
  <testcase classname="files.DynamicJson" name="addBook" time="0.514"/>
</testsuite> <!-- Default test -->
